Using pre-set license
Built from '2020.2/release' branch; Version is '2020.2.4f1 (becced5a802b) revision 12504301'; Using compiler version '192528614'; Build Type 'Release'
OS: 'Windows 10 Home; OS build 19042.985; Version 2009; 64bit' Language: 'es' Physical Memory: 16267 MB
BatchMode: 1, IsHumanControllingUs: 0, StartBugReporterOnCrash: 0, Is64bit: 1, IsPro: 0

 COMMAND LINE ARGUMENTS:
D:\Unity\UnityHub\Unity Editors\2020.2.4f1\Editor\Unity.exe
-adb2
-batchMode
-noUpm
-name
AssetImportWorker1
-projectPath
D:/Unity/UnityProjects/TFM
-logFile
Logs/AssetImportWorker1.log
-srvPort
49795
Successfully changed project path to: D:/Unity/UnityProjects/TFM
D:/Unity/UnityProjects/TFM
Using Asset Import Pipeline V2.
Refreshing native plugins compatible for Editor in 77.14 ms, found 1 plugins.
Preloading 0 native plugins for Editor in 0.00 ms.
Initialize engine version: 2020.2.4f1 (becced5a802b)
[Subsystems] Discovering subsystems at path D:/Unity/UnityHub/Unity Editors/2020.2.4f1/Editor/Data/Resources/UnitySubsystems
[Subsystems] Discovering subsystems at path D:/Unity/UnityProjects/TFM/Assets
GfxDevice: creating device client; threaded=0
Direct3D:
    Version:  Direct3D 11.0 [level 11.0]
    Renderer: NVIDIA GeForce GTX 960M (ID=0x139b)
    Vendor:   
    VRAM:     2010 MB
    Driver:   27.21.14.6109
Initialize mono
Mono path[0] = 'D:/Unity/UnityHub/Unity Editors/2020.2.4f1/Editor/Data/Managed'
Mono path[1] = 'D:/Unity/UnityHub/Unity Editors/2020.2.4f1/Editor/Data/MonoBleedingEdge/lib/mono/unityjit'
Mono config path = 'D:/Unity/UnityHub/Unity Editors/2020.2.4f1/Editor/Data/MonoBleedingEdge/etc'
Using monoOptions --debugger-agent=transport=dt_socket,embedding=1,server=y,suspend=n,address=127.0.0.1:56752
Begin MonoManager ReloadAssembly
Registering precompiled unity dll's ...
Register platform support module: D:/Unity/UnityHub/Unity Editors/2020.2.4f1/Editor/Data/PlaybackEngines/WebGLSupport/UnityEditor.WebGL.Extensions.dll
Register platform support module: D:/Unity/UnityHub/Unity Editors/2020.2.4f1/Editor/Data/PlaybackEngines/WindowsStandaloneSupport/UnityEditor.WindowsStandalone.Extensions.dll
Registered in 0.001590 seconds.
Native extension for WindowsStandalone target not found
Native extension for WebGL target not found
Refreshing native plugins compatible for Editor in 65.91 ms, found 1 plugins.
Preloading 0 native plugins for Editor in 0.00 ms.
Invoked RoslynAnalysisRunner static constructor.
RoslynAnalysisRunner will not be running.
RoslynAnalysisRunner has terminated.
Mono: successfully reloaded assembly
- Completed reload, in  2.008 seconds
Platform modules already initialized, skipping
Registering precompiled user dll's ...
Registered in 0.001724 seconds.
Begin MonoManager ReloadAssembly
Native extension for WindowsStandalone target not found
Native extension for WebGL target not found
Refreshing native plugins compatible for Editor in 65.26 ms, found 1 plugins.
Preloading 0 native plugins for Editor in 0.00 ms.
Invoked RoslynAnalysisRunner static constructor.
RoslynAnalysisRunner will not be running.
RoslynAnalysisRunner has terminated.
Mono: successfully reloaded assembly
- Completed reload, in  3.373 seconds
Platform modules already initialized, skipping
========================================================================
Worker process is ready to serve import requests
Shader 'Universal Render Pipeline/Particles/Lit': fallback shader 'Universal Render Pipeline/Particles/SimpleLit' not found
Shader 'Universal Render Pipeline/Particles/Lit': fallback shader 'Universal Render Pipeline/Particles/SimpleLit' not found
Launched and connected shader compiler UnityShaderCompiler.exe after 0.13 seconds
Refreshing native plugins compatible for Editor in 0.60 ms, found 1 plugins.
Preloading 0 native plugins for Editor in 0.00 ms.
Unloading 3090 Unused Serialized files (Serialized files now loaded: 0)
System memory in use before: 138.1 MB.
System memory in use after: 135.9 MB.

Unloading 54 unused Assets to reduce memory usage. Loaded Objects now: 3501.
Total: 4.294900 ms (FindLiveObjects: 0.365100 ms CreateObjectMapping: 0.178400 ms MarkObjects: 2.349700 ms  DeleteObjects: 1.400700 ms)

========================================================================
Received Import Request.
  path: Assets/Resources/tools_bar.txt
  artifactKey: Guid(a8864d43e7be9864aab817b65cce99fa) Importer(815301076,1909f56bfc062723c751e8b465ee728b)
Start importing Assets/Resources/tools_bar.txt using Guid(a8864d43e7be9864aab817b65cce99fa) Importer(815301076,1909f56bfc062723c751e8b465ee728b)  -> (artifact id: 'd184e42eacf720c0776ddef8d6b66ee6') in 0.081838 seconds
  Import took 0.104819 seconds .

========================================================================
Received Import Request.
  Time since last request: 0.000426 seconds.
  path: Assets/Resources/player_settings.txt
  artifactKey: Guid(155cc466aca3f154e95f28c65282d53d) Importer(815301076,1909f56bfc062723c751e8b465ee728b)
Start importing Assets/Resources/player_settings.txt using Guid(155cc466aca3f154e95f28c65282d53d) Importer(815301076,1909f56bfc062723c751e8b465ee728b)  -> (artifact id: '2e0178b56388abb60aa042fdda81e9e8') in 0.014908 seconds
  Import took 0.020998 seconds .

========================================================================
Received Import Request.
  Time since last request: 0.000281 seconds.
  path: Assets/Resources/notes.txt
  artifactKey: Guid(a556ff38afcd70e4297ca6f8a4eaa45b) Importer(815301076,1909f56bfc062723c751e8b465ee728b)
Start importing Assets/Resources/notes.txt using Guid(a556ff38afcd70e4297ca6f8a4eaa45b) Importer(815301076,1909f56bfc062723c751e8b465ee728b)  -> (artifact id: 'd37912f464c486cae4ec2e7bec15e6fc') in 0.011891 seconds
  Import took 0.020924 seconds .

========================================================================
Received Import Request.
  Time since last request: 789.073852 seconds.
  path: Assets/02.Scripts/Enemies/Settings/SettingsNormal/BatSettingsNormal.asset
  artifactKey: Guid(35ca05c0b0de5e2458ebf67bcf7f1b46) Importer(815301076,1909f56bfc062723c751e8b465ee728b)
Start importing Assets/02.Scripts/Enemies/Settings/SettingsNormal/BatSettingsNormal.asset using Guid(35ca05c0b0de5e2458ebf67bcf7f1b46) Importer(815301076,1909f56bfc062723c751e8b465ee728b)  -> (artifact id: 'f2a4723cee3adbde7a9a72d5b171ae96') in 0.038582 seconds
  Import took 0.055213 seconds .

========================================================================
Received Import Request.
  Time since last request: 8.158783 seconds.
  path: Assets/02.Scripts/Enemies/Settings/SettingsNormal/BatTutorialSettingsNormal.asset
  artifactKey: Guid(0dd27fe7288472c4a9a0b9eda1275813) Importer(815301076,1909f56bfc062723c751e8b465ee728b)
Start importing Assets/02.Scripts/Enemies/Settings/SettingsNormal/BatTutorialSettingsNormal.asset using Guid(0dd27fe7288472c4a9a0b9eda1275813) Importer(815301076,1909f56bfc062723c751e8b465ee728b)  -> (artifact id: 'cdd94d69c69a4c139b4d4953bef83512') in 0.019087 seconds
  Import took 0.061012 seconds .

========================================================================
Received Import Request.
  Time since last request: 0.618512 seconds.
  path: Assets/02.Scripts/Enemies/Settings/SettingsNormal/GoblinSettingsNormal.asset
  artifactKey: Guid(d52e819ad9355a74baaf56419e4e65ac) Importer(815301076,1909f56bfc062723c751e8b465ee728b)
Start importing Assets/02.Scripts/Enemies/Settings/SettingsNormal/GoblinSettingsNormal.asset using Guid(d52e819ad9355a74baaf56419e4e65ac) Importer(815301076,1909f56bfc062723c751e8b465ee728b)  -> (artifact id: '0bc69df75f18141c34c890f3f423631a') in 0.017080 seconds
  Import took 0.050945 seconds .

========================================================================
Received Import Request.
  Time since last request: 198.147728 seconds.
  path: Assets/02.Scripts/Enemies/AttackState.cs
  artifactKey: Guid(9913e6f3ec5e910429f10c3f021e91ed) Importer(815301076,1909f56bfc062723c751e8b465ee728b)
Start importing Assets/02.Scripts/Enemies/AttackState.cs using Guid(9913e6f3ec5e910429f10c3f021e91ed) Importer(815301076,1909f56bfc062723c751e8b465ee728b)  -> (artifact id: '9c4fdf556d157612e401f876c6a89dd5') in 0.021730 seconds
  Import took 0.050404 seconds .

AssetImportWorkerClient::OnTransportError - code=2 error=End of file
