Using pre-set license
Built from '2020.2/release' branch; Version is '2020.2.4f1 (becced5a802b) revision 12504301'; Using compiler version '192528614'; Build Type 'Release'
OS: 'Windows 10 Home; OS build 18363.1440; Version 1909; 64bit' Language: 'es' Physical Memory: 16267 MB
BatchMode: 1, IsHumanControllingUs: 0, StartBugReporterOnCrash: 0, Is64bit: 1, IsPro: 0

 COMMAND LINE ARGUMENTS:
D:\Unity\UnityHub\Unity Editors\2020.2.4f1\Editor\Unity.exe
-adb2
-batchMode
-noUpm
-name
AssetImportWorker1
-projectPath
D:/Unity/UnityProjects/TFM
-logFile
Logs/AssetImportWorker1.log
-srvPort
58899
Successfully changed project path to: D:/Unity/UnityProjects/TFM
D:/Unity/UnityProjects/TFM
Using Asset Import Pipeline V2.
Refreshing native plugins compatible for Editor in 73.48 ms, found 1 plugins.
Preloading 0 native plugins for Editor in 0.00 ms.
Initialize engine version: 2020.2.4f1 (becced5a802b)
[Subsystems] Discovering subsystems at path D:/Unity/UnityHub/Unity Editors/2020.2.4f1/Editor/Data/Resources/UnitySubsystems
[Subsystems] Discovering subsystems at path D:/Unity/UnityProjects/TFM/Assets
GfxDevice: creating device client; threaded=0
Direct3D:
    Version:  Direct3D 11.0 [level 11.0]
    Renderer: NVIDIA GeForce GTX 960M (ID=0x139b)
    Vendor:   
    VRAM:     2010 MB
    Driver:   27.21.14.6109
Initialize mono
Mono path[0] = 'D:/Unity/UnityHub/Unity Editors/2020.2.4f1/Editor/Data/Managed'
Mono path[1] = 'D:/Unity/UnityHub/Unity Editors/2020.2.4f1/Editor/Data/MonoBleedingEdge/lib/mono/unityjit'
Mono config path = 'D:/Unity/UnityHub/Unity Editors/2020.2.4f1/Editor/Data/MonoBleedingEdge/etc'
Using monoOptions --debugger-agent=transport=dt_socket,embedding=1,server=y,suspend=n,address=127.0.0.1:56112
Begin MonoManager ReloadAssembly
Registering precompiled unity dll's ...
Register platform support module: D:/Unity/UnityHub/Unity Editors/2020.2.4f1/Editor/Data/PlaybackEngines/WebGLSupport/UnityEditor.WebGL.Extensions.dll
Register platform support module: D:/Unity/UnityHub/Unity Editors/2020.2.4f1/Editor/Data/PlaybackEngines/WindowsStandaloneSupport/UnityEditor.WindowsStandalone.Extensions.dll
Registered in 0.001361 seconds.
Native extension for WindowsStandalone target not found
Native extension for WebGL target not found
Refreshing native plugins compatible for Editor in 71.40 ms, found 1 plugins.
Preloading 0 native plugins for Editor in 0.00 ms.
Invoked RoslynAnalysisRunner static constructor.
RoslynAnalysisRunner will not be running.
RoslynAnalysisRunner has terminated.
Mono: successfully reloaded assembly
- Completed reload, in  1.940 seconds
Platform modules already initialized, skipping
Registering precompiled user dll's ...
Registered in 0.001720 seconds.
Begin MonoManager ReloadAssembly
Native extension for WindowsStandalone target not found
Native extension for WebGL target not found
Refreshing native plugins compatible for Editor in 102.60 ms, found 1 plugins.
Preloading 0 native plugins for Editor in 0.00 ms.
Invoked RoslynAnalysisRunner static constructor.
RoslynAnalysisRunner will not be running.
RoslynAnalysisRunner has terminated.
Mono: successfully reloaded assembly
- Completed reload, in  1.684 seconds
Platform modules already initialized, skipping
========================================================================
Worker process is ready to serve import requests
Shader 'Universal Render Pipeline/Particles/Lit': fallback shader 'Universal Render Pipeline/Particles/SimpleLit' not found
Shader 'Universal Render Pipeline/Particles/Lit': fallback shader 'Universal Render Pipeline/Particles/SimpleLit' not found
Launched and connected shader compiler UnityShaderCompiler.exe after 0.15 seconds
Refreshing native plugins compatible for Editor in 0.58 ms, found 1 plugins.
Preloading 0 native plugins for Editor in 0.00 ms.
Unloading 3077 Unused Serialized files (Serialized files now loaded: 0)
System memory in use before: 135.3 MB.
System memory in use after: 133.0 MB.

Unloading 54 unused Assets to reduce memory usage. Loaded Objects now: 3488.
Total: 5.062400 ms (FindLiveObjects: 0.341100 ms CreateObjectMapping: 0.212200 ms MarkObjects: 2.848600 ms  DeleteObjects: 1.659100 ms)

========================================================================
Received Import Request.
  path: Assets/06.Prefabs/Players/Blacksmith.prefab
  artifactKey: Guid(14cb8ae8082eb9b4081f82568fb0f6ad) Importer(815301076,1909f56bfc062723c751e8b465ee728b)
Start importing Assets/06.Prefabs/Players/Blacksmith.prefab using Guid(14cb8ae8082eb9b4081f82568fb0f6ad) Importer(815301076,1909f56bfc062723c751e8b465ee728b)  -> (artifact id: '318365fca8ad3864344f10d512217222') in 0.311276 seconds
  Import took 0.354994 seconds .

========================================================================
Received Import Request.
  Time since last request: 63.246581 seconds.
  path: Assets/Resources/npcs
  artifactKey: Guid(cf403bab47f00294c8125c62afa48d69) Importer(815301076,1909f56bfc062723c751e8b465ee728b)
Start importing Assets/Resources/npcs using Guid(cf403bab47f00294c8125c62afa48d69) Importer(815301076,1909f56bfc062723c751e8b465ee728b)  -> (artifact id: '104b4c1b9882dc3a44a1083d91878ddc') in 0.010780 seconds
  Import took 0.017167 seconds .

========================================================================
Received Import Request.
  Time since last request: 18.966136 seconds.
  path: Assets/Resources/notes 1.txt
  artifactKey: Guid(aaa6b71af007bc6458ef82636ea807d6) Importer(815301076,1909f56bfc062723c751e8b465ee728b)
Start importing Assets/Resources/notes 1.txt using Guid(aaa6b71af007bc6458ef82636ea807d6) Importer(815301076,1909f56bfc062723c751e8b465ee728b)  -> (artifact id: '25b64ba867e213d635ebd82c8e164cfe') in 0.026730 seconds
  Import took 0.033496 seconds .

========================================================================
Received Import Request.
  Time since last request: 17.985982 seconds.
  path: Assets/Resources/npcs/blacksmith_lines.txt
  artifactKey: Guid(aaa6b71af007bc6458ef82636ea807d6) Importer(815301076,1909f56bfc062723c751e8b465ee728b)
Start importing Assets/Resources/npcs/blacksmith_lines.txt using Guid(aaa6b71af007bc6458ef82636ea807d6) Importer(815301076,1909f56bfc062723c751e8b465ee728b)  -> (artifact id: '3ed0bc835cc12df361419c33f0134d34') in 0.010093 seconds
  Import took 0.017887 seconds .

========================================================================
Received Import Request.
  Time since last request: 15.722524 seconds.
  path: Assets/Resources/npcs/blacksmith_lines 1.txt
  artifactKey: Guid(43baa9147534d9c43a61c31bdc74b22b) Importer(815301076,1909f56bfc062723c751e8b465ee728b)
Start importing Assets/Resources/npcs/blacksmith_lines 1.txt using Guid(43baa9147534d9c43a61c31bdc74b22b) Importer(815301076,1909f56bfc062723c751e8b465ee728b)  -> (artifact id: 'd04b80e43d42e760edc39368e5ea3754') in 0.010606 seconds
  Import took 0.063276 seconds .

========================================================================
Received Import Request.
  Time since last request: 5.994048 seconds.
  path: Assets/Resources/npcs/mom_lines.txt
  artifactKey: Guid(43baa9147534d9c43a61c31bdc74b22b) Importer(815301076,1909f56bfc062723c751e8b465ee728b)
Start importing Assets/Resources/npcs/mom_lines.txt using Guid(43baa9147534d9c43a61c31bdc74b22b) Importer(815301076,1909f56bfc062723c751e8b465ee728b)  -> (artifact id: '956063503111c713b43aae8166ad81a5') in 0.010219 seconds
  Import took 0.018826 seconds .

========================================================================
Received Import Request.
  Time since last request: 428.948522 seconds.
  path: Assets/Resources/notes.txt
  artifactKey: Guid(a556ff38afcd70e4297ca6f8a4eaa45b) Importer(815301076,1909f56bfc062723c751e8b465ee728b)
Start importing Assets/Resources/notes.txt using Guid(a556ff38afcd70e4297ca6f8a4eaa45b) Importer(815301076,1909f56bfc062723c751e8b465ee728b)  -> (artifact id: '27513094a6e927fe8dbf1fef0d465229') in 0.016464 seconds
  Import took 0.076739 seconds .

========================================================================
Received Import Request.
  Time since last request: 302.194551 seconds.
  path: Assets/Resources/npcs/blacksmith_lines.txt
  artifactKey: Guid(aaa6b71af007bc6458ef82636ea807d6) Importer(815301076,1909f56bfc062723c751e8b465ee728b)
Start importing Assets/Resources/npcs/blacksmith_lines.txt using Guid(aaa6b71af007bc6458ef82636ea807d6) Importer(815301076,1909f56bfc062723c751e8b465ee728b)  -> (artifact id: '75a7279ebdc70034fe629b4877ebb8f8') in 0.006658 seconds
  Import took 0.055211 seconds .

========================================================================
Received Prepare
Registering precompiled user dll's ...
Registered in 0.001574 seconds.
Begin MonoManager ReloadAssembly
Native extension for WindowsStandalone target not found
Native extension for WebGL target not found
Refreshing native plugins compatible for Editor in 0.80 ms, found 1 plugins.
Preloading 0 native plugins for Editor in 0.00 ms.
Invoked RoslynAnalysisRunner static constructor.
RoslynAnalysisRunner will not be running.
RoslynAnalysisRunner has terminated.
Mono: successfully reloaded assembly
- Completed reload, in  1.234 seconds
Platform modules already initialized, skipping
Shader 'Universal Render Pipeline/Particles/Lit': fallback shader 'Universal Render Pipeline/Particles/SimpleLit' not found
Shader 'Universal Render Pipeline/Particles/Lit': fallback shader 'Universal Render Pipeline/Particles/SimpleLit' not found
Refreshing native plugins compatible for Editor in 0.61 ms, found 1 plugins.
Preloading 0 native plugins for Editor in 0.00 ms.
Unloading 2987 Unused Serialized files (Serialized files now loaded: 0)
System memory in use before: 136.3 MB.
System memory in use after: 134.1 MB.

Unloading 44 unused Assets to reduce memory usage. Loaded Objects now: 3536.
Total: 4.465900 ms (FindLiveObjects: 0.338600 ms CreateObjectMapping: 0.166200 ms MarkObjects: 2.519500 ms  DeleteObjects: 1.440000 ms)

========================================================================
Received Prepare
Registering precompiled user dll's ...
Registered in 0.001612 seconds.
Begin MonoManager ReloadAssembly
Native extension for WindowsStandalone target not found
Native extension for WebGL target not found
Refreshing native plugins compatible for Editor in 0.58 ms, found 1 plugins.
Preloading 0 native plugins for Editor in 0.00 ms.
Invoked RoslynAnalysisRunner static constructor.
RoslynAnalysisRunner will not be running.
RoslynAnalysisRunner has terminated.
Mono: successfully reloaded assembly
- Completed reload, in  1.185 seconds
Platform modules already initialized, skipping
Shader 'Universal Render Pipeline/Particles/Lit': fallback shader 'Universal Render Pipeline/Particles/SimpleLit' not found
Shader 'Universal Render Pipeline/Particles/Lit': fallback shader 'Universal Render Pipeline/Particles/SimpleLit' not found
Refreshing native plugins compatible for Editor in 0.61 ms, found 1 plugins.
Preloading 0 native plugins for Editor in 0.00 ms.
Unloading 2987 Unused Serialized files (Serialized files now loaded: 0)
System memory in use before: 136.3 MB.
System memory in use after: 134.1 MB.

Unloading 44 unused Assets to reduce memory usage. Loaded Objects now: 3539.
Total: 5.049500 ms (FindLiveObjects: 0.340900 ms CreateObjectMapping: 0.168400 ms MarkObjects: 2.508100 ms  DeleteObjects: 2.031100 ms)

========================================================================
Received Prepare
Registering precompiled user dll's ...
Registered in 0.001639 seconds.
Begin MonoManager ReloadAssembly
Native extension for WindowsStandalone target not found
Native extension for WebGL target not found
Refreshing native plugins compatible for Editor in 0.58 ms, found 1 plugins.
Preloading 0 native plugins for Editor in 0.00 ms.
Invoked RoslynAnalysisRunner static constructor.
RoslynAnalysisRunner will not be running.
RoslynAnalysisRunner has terminated.
Mono: successfully reloaded assembly
- Completed reload, in  1.236 seconds
Platform modules already initialized, skipping
Shader 'Universal Render Pipeline/Particles/Lit': fallback shader 'Universal Render Pipeline/Particles/SimpleLit' not found
Shader 'Universal Render Pipeline/Particles/Lit': fallback shader 'Universal Render Pipeline/Particles/SimpleLit' not found
Refreshing native plugins compatible for Editor in 0.69 ms, found 1 plugins.
Preloading 0 native plugins for Editor in 0.00 ms.
Unloading 2987 Unused Serialized files (Serialized files now loaded: 0)
System memory in use before: 136.4 MB.
System memory in use after: 134.2 MB.

Unloading 44 unused Assets to reduce memory usage. Loaded Objects now: 3542.
Total: 5.454200 ms (FindLiveObjects: 0.399400 ms CreateObjectMapping: 0.169200 ms MarkObjects: 2.648700 ms  DeleteObjects: 2.235400 ms)

========================================================================
Received Prepare
Registering precompiled user dll's ...
Registered in 0.001605 seconds.
Begin MonoManager ReloadAssembly
Native extension for WindowsStandalone target not found
Native extension for WebGL target not found
Refreshing native plugins compatible for Editor in 0.64 ms, found 1 plugins.
Preloading 0 native plugins for Editor in 0.00 ms.
Invoked RoslynAnalysisRunner static constructor.
RoslynAnalysisRunner will not be running.
RoslynAnalysisRunner has terminated.
Mono: successfully reloaded assembly
- Completed reload, in  1.186 seconds
Platform modules already initialized, skipping
Shader 'Universal Render Pipeline/Particles/Lit': fallback shader 'Universal Render Pipeline/Particles/SimpleLit' not found
Shader 'Universal Render Pipeline/Particles/Lit': fallback shader 'Universal Render Pipeline/Particles/SimpleLit' not found
Refreshing native plugins compatible for Editor in 0.72 ms, found 1 plugins.
Preloading 0 native plugins for Editor in 0.00 ms.
Unloading 2987 Unused Serialized files (Serialized files now loaded: 0)
System memory in use before: 136.4 MB.
System memory in use after: 134.2 MB.

Unloading 44 unused Assets to reduce memory usage. Loaded Objects now: 3545.
Total: 5.132100 ms (FindLiveObjects: 0.394300 ms CreateObjectMapping: 0.216900 ms MarkObjects: 2.793500 ms  DeleteObjects: 1.725700 ms)

========================================================================
Received Prepare
Registering precompiled user dll's ...
Registered in 0.001624 seconds.
Begin MonoManager ReloadAssembly
Native extension for WindowsStandalone target not found
Native extension for WebGL target not found
Refreshing native plugins compatible for Editor in 0.65 ms, found 1 plugins.
Preloading 0 native plugins for Editor in 0.00 ms.
Invoked RoslynAnalysisRunner static constructor.
RoslynAnalysisRunner will not be running.
RoslynAnalysisRunner has terminated.
Mono: successfully reloaded assembly
- Completed reload, in  1.134 seconds
Platform modules already initialized, skipping
Shader 'Universal Render Pipeline/Particles/Lit': fallback shader 'Universal Render Pipeline/Particles/SimpleLit' not found
Shader 'Universal Render Pipeline/Particles/Lit': fallback shader 'Universal Render Pipeline/Particles/SimpleLit' not found
Refreshing native plugins compatible for Editor in 0.61 ms, found 1 plugins.
Preloading 0 native plugins for Editor in 0.00 ms.
Unloading 2987 Unused Serialized files (Serialized files now loaded: 0)
System memory in use before: 136.4 MB.
System memory in use after: 134.2 MB.

Unloading 44 unused Assets to reduce memory usage. Loaded Objects now: 3548.
Total: 5.659600 ms (FindLiveObjects: 0.536500 ms CreateObjectMapping: 0.187300 ms MarkObjects: 2.774600 ms  DeleteObjects: 2.160100 ms)

========================================================================
Received Import Request.
  Time since last request: 999.166825 seconds.
  path: Assets/Resources/notes.txt
  artifactKey: Guid(a556ff38afcd70e4297ca6f8a4eaa45b) Importer(815301076,1909f56bfc062723c751e8b465ee728b)
Start importing Assets/Resources/notes.txt using Guid(a556ff38afcd70e4297ca6f8a4eaa45b) Importer(815301076,1909f56bfc062723c751e8b465ee728b)  -> (artifact id: '7730888e8cae11ea6f87cf7d4ea325e8') in 0.025924 seconds
  Import took 0.033846 seconds .

========================================================================
Received Import Request.
  Time since last request: 4.014817 seconds.
  path: Assets/Resources/npcs/mom_lines.txt
  artifactKey: Guid(43baa9147534d9c43a61c31bdc74b22b) Importer(815301076,1909f56bfc062723c751e8b465ee728b)
Start importing Assets/Resources/npcs/mom_lines.txt using Guid(43baa9147534d9c43a61c31bdc74b22b) Importer(815301076,1909f56bfc062723c751e8b465ee728b)  -> (artifact id: '993abf42a6a879ee1a5990c155a91123') in 0.004370 seconds
  Import took 0.028477 seconds .

========================================================================
Received Prepare
Registering precompiled user dll's ...
Registered in 0.002307 seconds.
Begin MonoManager ReloadAssembly
Native extension for WindowsStandalone target not found
Native extension for WebGL target not found
Refreshing native plugins compatible for Editor in 0.66 ms, found 1 plugins.
Preloading 0 native plugins for Editor in 0.00 ms.
Invoked RoslynAnalysisRunner static constructor.
RoslynAnalysisRunner will not be running.
RoslynAnalysisRunner has terminated.
Mono: successfully reloaded assembly
- Completed reload, in  1.154 seconds
Platform modules already initialized, skipping
Shader 'Universal Render Pipeline/Particles/Lit': fallback shader 'Universal Render Pipeline/Particles/SimpleLit' not found
Shader 'Universal Render Pipeline/Particles/Lit': fallback shader 'Universal Render Pipeline/Particles/SimpleLit' not found
Refreshing native plugins compatible for Editor in 0.62 ms, found 1 plugins.
Preloading 0 native plugins for Editor in 0.00 ms.
Unloading 2987 Unused Serialized files (Serialized files now loaded: 0)
System memory in use before: 136.4 MB.
System memory in use after: 134.2 MB.

Unloading 44 unused Assets to reduce memory usage. Loaded Objects now: 3551.
Total: 5.495500 ms (FindLiveObjects: 0.350000 ms CreateObjectMapping: 0.194700 ms MarkObjects: 3.109400 ms  DeleteObjects: 1.840000 ms)

========================================================================
Received Prepare
Registering precompiled user dll's ...
Registered in 0.001538 seconds.
Begin MonoManager ReloadAssembly
Native extension for WindowsStandalone target not found
Native extension for WebGL target not found
Refreshing native plugins compatible for Editor in 0.63 ms, found 1 plugins.
Preloading 0 native plugins for Editor in 0.00 ms.
Invoked RoslynAnalysisRunner static constructor.
RoslynAnalysisRunner will not be running.
RoslynAnalysisRunner has terminated.
Mono: successfully reloaded assembly
- Completed reload, in  1.147 seconds
Platform modules already initialized, skipping
Shader 'Universal Render Pipeline/Particles/Lit': fallback shader 'Universal Render Pipeline/Particles/SimpleLit' not found
Shader 'Universal Render Pipeline/Particles/Lit': fallback shader 'Universal Render Pipeline/Particles/SimpleLit' not found
Refreshing native plugins compatible for Editor in 0.60 ms, found 1 plugins.
Preloading 0 native plugins for Editor in 0.00 ms.
Unloading 2987 Unused Serialized files (Serialized files now loaded: 0)
System memory in use before: 136.5 MB.
System memory in use after: 134.2 MB.

Unloading 44 unused Assets to reduce memory usage. Loaded Objects now: 3554.
Total: 5.239900 ms (FindLiveObjects: 0.362600 ms CreateObjectMapping: 0.277700 ms MarkObjects: 2.581800 ms  DeleteObjects: 2.016500 ms)

========================================================================
Received Prepare
Registering precompiled user dll's ...
Registered in 0.001644 seconds.
Begin MonoManager ReloadAssembly
Native extension for WindowsStandalone target not found
Native extension for WebGL target not found
Refreshing native plugins compatible for Editor in 0.63 ms, found 1 plugins.
Preloading 0 native plugins for Editor in 0.00 ms.
Invoked RoslynAnalysisRunner static constructor.
RoslynAnalysisRunner will not be running.
RoslynAnalysisRunner has terminated.
Mono: successfully reloaded assembly
- Completed reload, in  1.187 seconds
Platform modules already initialized, skipping
Shader 'Universal Render Pipeline/Particles/Lit': fallback shader 'Universal Render Pipeline/Particles/SimpleLit' not found
Shader 'Universal Render Pipeline/Particles/Lit': fallback shader 'Universal Render Pipeline/Particles/SimpleLit' not found
Refreshing native plugins compatible for Editor in 0.63 ms, found 1 plugins.
Preloading 0 native plugins for Editor in 0.00 ms.
Unloading 2987 Unused Serialized files (Serialized files now loaded: 0)
System memory in use before: 136.4 MB.
System memory in use after: 134.2 MB.

Unloading 44 unused Assets to reduce memory usage. Loaded Objects now: 3557.
Total: 5.505400 ms (FindLiveObjects: 0.452200 ms CreateObjectMapping: 0.154200 ms MarkObjects: 2.758300 ms  DeleteObjects: 2.139600 ms)

========================================================================
Received Prepare
Registering precompiled user dll's ...
Registered in 0.001522 seconds.
Begin MonoManager ReloadAssembly
Native extension for WindowsStandalone target not found
Native extension for WebGL target not found
Refreshing native plugins compatible for Editor in 0.66 ms, found 1 plugins.
Preloading 0 native plugins for Editor in 0.00 ms.
Invoked RoslynAnalysisRunner static constructor.
RoslynAnalysisRunner will not be running.
RoslynAnalysisRunner has terminated.
Mono: successfully reloaded assembly
- Completed reload, in  1.173 seconds
Platform modules already initialized, skipping
Shader 'Universal Render Pipeline/Particles/Lit': fallback shader 'Universal Render Pipeline/Particles/SimpleLit' not found
Shader 'Universal Render Pipeline/Particles/Lit': fallback shader 'Universal Render Pipeline/Particles/SimpleLit' not found
Refreshing native plugins compatible for Editor in 0.70 ms, found 1 plugins.
Preloading 0 native plugins for Editor in 0.00 ms.
Unloading 2987 Unused Serialized files (Serialized files now loaded: 0)
System memory in use before: 136.5 MB.
System memory in use after: 134.2 MB.

Unloading 44 unused Assets to reduce memory usage. Loaded Objects now: 3560.
Total: 5.678600 ms (FindLiveObjects: 0.720800 ms CreateObjectMapping: 0.206700 ms MarkObjects: 3.077900 ms  DeleteObjects: 1.672100 ms)

========================================================================
Received Prepare
Registering precompiled user dll's ...
Registered in 0.001546 seconds.
Begin MonoManager ReloadAssembly
Native extension for WindowsStandalone target not found
Native extension for WebGL target not found
Refreshing native plugins compatible for Editor in 0.85 ms, found 1 plugins.
Preloading 0 native plugins for Editor in 0.00 ms.
Invoked RoslynAnalysisRunner static constructor.
RoslynAnalysisRunner will not be running.
RoslynAnalysisRunner has terminated.
Mono: successfully reloaded assembly
- Completed reload, in  1.166 seconds
Platform modules already initialized, skipping
Shader 'Universal Render Pipeline/Particles/Lit': fallback shader 'Universal Render Pipeline/Particles/SimpleLit' not found
Shader 'Universal Render Pipeline/Particles/Lit': fallback shader 'Universal Render Pipeline/Particles/SimpleLit' not found
Refreshing native plugins compatible for Editor in 0.66 ms, found 1 plugins.
Preloading 0 native plugins for Editor in 0.00 ms.
Unloading 2987 Unused Serialized files (Serialized files now loaded: 0)
System memory in use before: 136.5 MB.
System memory in use after: 134.3 MB.

Unloading 44 unused Assets to reduce memory usage. Loaded Objects now: 3563.
Total: 5.726600 ms (FindLiveObjects: 0.428900 ms CreateObjectMapping: 0.172800 ms MarkObjects: 2.741800 ms  DeleteObjects: 2.381800 ms)

========================================================================
Received Prepare
Registering precompiled user dll's ...
Registered in 0.001685 seconds.
Begin MonoManager ReloadAssembly
Native extension for WindowsStandalone target not found
Native extension for WebGL target not found
Refreshing native plugins compatible for Editor in 1.03 ms, found 1 plugins.
Preloading 0 native plugins for Editor in 0.00 ms.
Invoked RoslynAnalysisRunner static constructor.
RoslynAnalysisRunner will not be running.
RoslynAnalysisRunner has terminated.
Mono: successfully reloaded assembly
- Completed reload, in  1.154 seconds
Platform modules already initialized, skipping
Shader 'Universal Render Pipeline/Particles/Lit': fallback shader 'Universal Render Pipeline/Particles/SimpleLit' not found
Shader 'Universal Render Pipeline/Particles/Lit': fallback shader 'Universal Render Pipeline/Particles/SimpleLit' not found
Refreshing native plugins compatible for Editor in 0.68 ms, found 1 plugins.
Preloading 0 native plugins for Editor in 0.00 ms.
Unloading 2987 Unused Serialized files (Serialized files now loaded: 0)
System memory in use before: 136.5 MB.
System memory in use after: 134.3 MB.

Unloading 44 unused Assets to reduce memory usage. Loaded Objects now: 3566.
Total: 5.484900 ms (FindLiveObjects: 0.439300 ms CreateObjectMapping: 0.165200 ms MarkObjects: 3.091800 ms  DeleteObjects: 1.770700 ms)

========================================================================
Received Prepare
Registering precompiled user dll's ...
Registered in 0.001590 seconds.
Begin MonoManager ReloadAssembly
Native extension for WindowsStandalone target not found
Native extension for WebGL target not found
Refreshing native plugins compatible for Editor in 0.67 ms, found 1 plugins.
Preloading 0 native plugins for Editor in 0.00 ms.
Invoked RoslynAnalysisRunner static constructor.
RoslynAnalysisRunner will not be running.
RoslynAnalysisRunner has terminated.
Mono: successfully reloaded assembly
- Completed reload, in  1.232 seconds
Platform modules already initialized, skipping
Shader 'Universal Render Pipeline/Particles/Lit': fallback shader 'Universal Render Pipeline/Particles/SimpleLit' not found
Shader 'Universal Render Pipeline/Particles/Lit': fallback shader 'Universal Render Pipeline/Particles/SimpleLit' not found
Refreshing native plugins compatible for Editor in 0.60 ms, found 1 plugins.
Preloading 0 native plugins for Editor in 0.00 ms.
Unloading 2987 Unused Serialized files (Serialized files now loaded: 0)
System memory in use before: 136.5 MB.
System memory in use after: 134.3 MB.

Unloading 44 unused Assets to reduce memory usage. Loaded Objects now: 3569.
Total: 4.947800 ms (FindLiveObjects: 0.360600 ms CreateObjectMapping: 0.159100 ms MarkObjects: 2.624300 ms  DeleteObjects: 1.802500 ms)

========================================================================
Received Prepare
Registering precompiled user dll's ...
Registered in 0.001629 seconds.
Begin MonoManager ReloadAssembly
Native extension for WindowsStandalone target not found
Native extension for WebGL target not found
Refreshing native plugins compatible for Editor in 0.65 ms, found 1 plugins.
Preloading 0 native plugins for Editor in 0.00 ms.
Invoked RoslynAnalysisRunner static constructor.
RoslynAnalysisRunner will not be running.
RoslynAnalysisRunner has terminated.
Mono: successfully reloaded assembly
- Completed reload, in  1.181 seconds
Platform modules already initialized, skipping
Shader 'Universal Render Pipeline/Particles/Lit': fallback shader 'Universal Render Pipeline/Particles/SimpleLit' not found
Shader 'Universal Render Pipeline/Particles/Lit': fallback shader 'Universal Render Pipeline/Particles/SimpleLit' not found
Refreshing native plugins compatible for Editor in 0.82 ms, found 1 plugins.
Preloading 0 native plugins for Editor in 0.00 ms.
Unloading 2987 Unused Serialized files (Serialized files now loaded: 0)
System memory in use before: 136.5 MB.
System memory in use after: 134.3 MB.

Unloading 44 unused Assets to reduce memory usage. Loaded Objects now: 3572.
Total: 5.668600 ms (FindLiveObjects: 0.406700 ms CreateObjectMapping: 0.204500 ms MarkObjects: 2.587900 ms  DeleteObjects: 2.468500 ms)

========================================================================
Received Prepare
Registering precompiled user dll's ...
Registered in 0.001594 seconds.
Begin MonoManager ReloadAssembly
Native extension for WindowsStandalone target not found
Native extension for WebGL target not found
Refreshing native plugins compatible for Editor in 0.62 ms, found 1 plugins.
Preloading 0 native plugins for Editor in 0.00 ms.
Invoked RoslynAnalysisRunner static constructor.
RoslynAnalysisRunner will not be running.
RoslynAnalysisRunner has terminated.
Mono: successfully reloaded assembly
- Completed reload, in  1.208 seconds
Platform modules already initialized, skipping
Shader 'Universal Render Pipeline/Particles/Lit': fallback shader 'Universal Render Pipeline/Particles/SimpleLit' not found
Shader 'Universal Render Pipeline/Particles/Lit': fallback shader 'Universal Render Pipeline/Particles/SimpleLit' not found
Refreshing native plugins compatible for Editor in 0.67 ms, found 1 plugins.
Preloading 0 native plugins for Editor in 0.00 ms.
Unloading 2987 Unused Serialized files (Serialized files now loaded: 0)
System memory in use before: 136.5 MB.
System memory in use after: 134.3 MB.

Unloading 44 unused Assets to reduce memory usage. Loaded Objects now: 3575.
Total: 5.494200 ms (FindLiveObjects: 0.503500 ms CreateObjectMapping: 0.259100 ms MarkObjects: 2.726100 ms  DeleteObjects: 2.004000 ms)

========================================================================
Received Prepare
Registering precompiled user dll's ...
Registered in 0.001631 seconds.
Begin MonoManager ReloadAssembly
Native extension for WindowsStandalone target not found
Native extension for WebGL target not found
Refreshing native plugins compatible for Editor in 0.87 ms, found 1 plugins.
Preloading 0 native plugins for Editor in 0.00 ms.
Invoked RoslynAnalysisRunner static constructor.
RoslynAnalysisRunner will not be running.
RoslynAnalysisRunner has terminated.
Mono: successfully reloaded assembly
- Completed reload, in  1.183 seconds
Platform modules already initialized, skipping
Shader 'Universal Render Pipeline/Particles/Lit': fallback shader 'Universal Render Pipeline/Particles/SimpleLit' not found
Shader 'Universal Render Pipeline/Particles/Lit': fallback shader 'Universal Render Pipeline/Particles/SimpleLit' not found
Refreshing native plugins compatible for Editor in 0.61 ms, found 1 plugins.
Preloading 0 native plugins for Editor in 0.00 ms.
Unloading 2987 Unused Serialized files (Serialized files now loaded: 0)
System memory in use before: 136.5 MB.
System memory in use after: 134.3 MB.

Unloading 44 unused Assets to reduce memory usage. Loaded Objects now: 3578.
Total: 5.353800 ms (FindLiveObjects: 0.539300 ms CreateObjectMapping: 0.296700 ms MarkObjects: 2.839800 ms  DeleteObjects: 1.676900 ms)

========================================================================
Received Prepare
Registering precompiled user dll's ...
Registered in 0.001768 seconds.
Begin MonoManager ReloadAssembly
Native extension for WindowsStandalone target not found
Native extension for WebGL target not found
Refreshing native plugins compatible for Editor in 0.58 ms, found 1 plugins.
Preloading 0 native plugins for Editor in 0.00 ms.
Invoked RoslynAnalysisRunner static constructor.
RoslynAnalysisRunner will not be running.
RoslynAnalysisRunner has terminated.
Mono: successfully reloaded assembly
- Completed reload, in  1.213 seconds
Platform modules already initialized, skipping
Shader 'Universal Render Pipeline/Particles/Lit': fallback shader 'Universal Render Pipeline/Particles/SimpleLit' not found
Shader 'Universal Render Pipeline/Particles/Lit': fallback shader 'Universal Render Pipeline/Particles/SimpleLit' not found
Refreshing native plugins compatible for Editor in 0.63 ms, found 1 plugins.
Preloading 0 native plugins for Editor in 0.00 ms.
Unloading 2987 Unused Serialized files (Serialized files now loaded: 0)
System memory in use before: 136.5 MB.
System memory in use after: 134.3 MB.

Unloading 44 unused Assets to reduce memory usage. Loaded Objects now: 3581.
Total: 7.227400 ms (FindLiveObjects: 0.381200 ms CreateObjectMapping: 0.179200 ms MarkObjects: 3.531400 ms  DeleteObjects: 3.134100 ms)

========================================================================
Received Prepare
Registering precompiled user dll's ...
Registered in 0.001642 seconds.
Begin MonoManager ReloadAssembly
Native extension for WindowsStandalone target not found
Native extension for WebGL target not found
Refreshing native plugins compatible for Editor in 0.94 ms, found 1 plugins.
Preloading 0 native plugins for Editor in 0.00 ms.
Invoked RoslynAnalysisRunner static constructor.
RoslynAnalysisRunner will not be running.
RoslynAnalysisRunner has terminated.
Mono: successfully reloaded assembly
- Completed reload, in  1.245 seconds
Platform modules already initialized, skipping
Shader 'Universal Render Pipeline/Particles/Lit': fallback shader 'Universal Render Pipeline/Particles/SimpleLit' not found
Shader 'Universal Render Pipeline/Particles/Lit': fallback shader 'Universal Render Pipeline/Particles/SimpleLit' not found
Refreshing native plugins compatible for Editor in 0.60 ms, found 1 plugins.
Preloading 0 native plugins for Editor in 0.00 ms.
Unloading 2987 Unused Serialized files (Serialized files now loaded: 0)
System memory in use before: 136.5 MB.
System memory in use after: 134.3 MB.

Unloading 44 unused Assets to reduce memory usage. Loaded Objects now: 3584.
Total: 4.771200 ms (FindLiveObjects: 0.325300 ms CreateObjectMapping: 0.156200 ms MarkObjects: 2.583900 ms  DeleteObjects: 1.704600 ms)

========================================================================
Received Import Request.
  Time since last request: 1052.141631 seconds.
  path: Assets/Resources/npcs/mom_lines 1.txt
  artifactKey: Guid(14033d9cb35888e4d90b24ce7efd8512) Importer(815301076,1909f56bfc062723c751e8b465ee728b)
Start importing Assets/Resources/npcs/mom_lines 1.txt using Guid(14033d9cb35888e4d90b24ce7efd8512) Importer(815301076,1909f56bfc062723c751e8b465ee728b)  -> (artifact id: 'c01e8b9d00e50a3ac873a38f8495ad8e') in 0.067692 seconds
  Import took 0.075334 seconds .

========================================================================
Received Import Request.
  Time since last request: 7.934691 seconds.
  path: Assets/Resources/npcs/boss_lines.txt
  artifactKey: Guid(14033d9cb35888e4d90b24ce7efd8512) Importer(815301076,1909f56bfc062723c751e8b465ee728b)
Start importing Assets/Resources/npcs/boss_lines.txt using Guid(14033d9cb35888e4d90b24ce7efd8512) Importer(815301076,1909f56bfc062723c751e8b465ee728b)  -> (artifact id: 'c59d59b4d3d43149eb9164a69cead7fa') in 0.012734 seconds
  Import took 0.053573 seconds .

========================================================================
Received Import Request.
  Time since last request: 290.597140 seconds.
  path: Assets/Resources/npcs/boss_lines.txt
  artifactKey: Guid(14033d9cb35888e4d90b24ce7efd8512) Importer(815301076,1909f56bfc062723c751e8b465ee728b)
Start importing Assets/Resources/npcs/boss_lines.txt using Guid(14033d9cb35888e4d90b24ce7efd8512) Importer(815301076,1909f56bfc062723c751e8b465ee728b)  -> (artifact id: '34a4c6eab4d058360223daa77ee5b7ad') in 0.012197 seconds
  Import took 0.023094 seconds .

========================================================================
Received Prepare
Registering precompiled user dll's ...
Registered in 0.001569 seconds.
Begin MonoManager ReloadAssembly
Native extension for WindowsStandalone target not found
Native extension for WebGL target not found
Refreshing native plugins compatible for Editor in 0.59 ms, found 1 plugins.
Preloading 0 native plugins for Editor in 0.00 ms.
Invoked RoslynAnalysisRunner static constructor.
RoslynAnalysisRunner will not be running.
RoslynAnalysisRunner has terminated.
Mono: successfully reloaded assembly
- Completed reload, in  1.301 seconds
Platform modules already initialized, skipping
Shader 'Universal Render Pipeline/Particles/Lit': fallback shader 'Universal Render Pipeline/Particles/SimpleLit' not found
Shader 'Universal Render Pipeline/Particles/Lit': fallback shader 'Universal Render Pipeline/Particles/SimpleLit' not found
Refreshing native plugins compatible for Editor in 0.61 ms, found 1 plugins.
Preloading 0 native plugins for Editor in 0.00 ms.
Unloading 2987 Unused Serialized files (Serialized files now loaded: 0)
System memory in use before: 136.6 MB.
System memory in use after: 134.3 MB.

Unloading 44 unused Assets to reduce memory usage. Loaded Objects now: 3587.
Total: 5.399300 ms (FindLiveObjects: 0.717000 ms CreateObjectMapping: 0.236000 ms MarkObjects: 2.466400 ms  DeleteObjects: 1.978600 ms)

========================================================================
Received Prepare
Registering precompiled user dll's ...
Registered in 0.001836 seconds.
Begin MonoManager ReloadAssembly
Native extension for WindowsStandalone target not found
Native extension for WebGL target not found
Refreshing native plugins compatible for Editor in 0.78 ms, found 1 plugins.
Preloading 0 native plugins for Editor in 0.00 ms.
Invoked RoslynAnalysisRunner static constructor.
RoslynAnalysisRunner will not be running.
RoslynAnalysisRunner has terminated.
Mono: successfully reloaded assembly
- Completed reload, in  1.221 seconds
Platform modules already initialized, skipping
Shader 'Universal Render Pipeline/Particles/Lit': fallback shader 'Universal Render Pipeline/Particles/SimpleLit' not found
Shader 'Universal Render Pipeline/Particles/Lit': fallback shader 'Universal Render Pipeline/Particles/SimpleLit' not found
Refreshing native plugins compatible for Editor in 0.60 ms, found 1 plugins.
Preloading 0 native plugins for Editor in 0.00 ms.
Unloading 2987 Unused Serialized files (Serialized files now loaded: 0)
System memory in use before: 136.6 MB.
System memory in use after: 134.4 MB.

Unloading 44 unused Assets to reduce memory usage. Loaded Objects now: 3590.
Total: 5.567100 ms (FindLiveObjects: 0.346300 ms CreateObjectMapping: 0.187000 ms MarkObjects: 3.039700 ms  DeleteObjects: 1.992900 ms)

========================================================================
Received Import Request.
  Time since last request: 357.908468 seconds.
  path: Assets/Resources/npcs/mom_lines 1.txt
  artifactKey: Guid(1dc45ad7acce5f24884a1ce32ac3140f) Importer(815301076,1909f56bfc062723c751e8b465ee728b)
Start importing Assets/Resources/npcs/mom_lines 1.txt using Guid(1dc45ad7acce5f24884a1ce32ac3140f) Importer(815301076,1909f56bfc062723c751e8b465ee728b)  -> (artifact id: '09bc830a7c51ef6cef122e5b29a98056') in 0.024287 seconds
  Import took 0.068149 seconds .

========================================================================
Received Import Request.
  Time since last request: 9.568189 seconds.
  path: Assets/Resources/npcs/witch_lines.txt
  artifactKey: Guid(1dc45ad7acce5f24884a1ce32ac3140f) Importer(815301076,1909f56bfc062723c751e8b465ee728b)
Start importing Assets/Resources/npcs/witch_lines.txt using Guid(1dc45ad7acce5f24884a1ce32ac3140f) Importer(815301076,1909f56bfc062723c751e8b465ee728b)  -> (artifact id: '9f34d84b475005f9cad8dba438fc7bd6') in 0.011036 seconds
  Import took 0.019128 seconds .

========================================================================
Received Prepare
Registering precompiled user dll's ...
Registered in 0.001509 seconds.
Begin MonoManager ReloadAssembly
Native extension for WindowsStandalone target not found
Native extension for WebGL target not found
Refreshing native plugins compatible for Editor in 0.66 ms, found 1 plugins.
Preloading 0 native plugins for Editor in 0.00 ms.
Invoked RoslynAnalysisRunner static constructor.
RoslynAnalysisRunner will not be running.
RoslynAnalysisRunner has terminated.
Mono: successfully reloaded assembly
- Completed reload, in  1.197 seconds
Platform modules already initialized, skipping
Shader 'Universal Render Pipeline/Particles/Lit': fallback shader 'Universal Render Pipeline/Particles/SimpleLit' not found
Shader 'Universal Render Pipeline/Particles/Lit': fallback shader 'Universal Render Pipeline/Particles/SimpleLit' not found
Refreshing native plugins compatible for Editor in 0.67 ms, found 1 plugins.
Preloading 0 native plugins for Editor in 0.00 ms.
Unloading 2987 Unused Serialized files (Serialized files now loaded: 0)
System memory in use before: 136.6 MB.
System memory in use after: 134.4 MB.

Unloading 44 unused Assets to reduce memory usage. Loaded Objects now: 3593.
Total: 5.300900 ms (FindLiveObjects: 0.368800 ms CreateObjectMapping: 0.198600 ms MarkObjects: 2.701700 ms  DeleteObjects: 2.030600 ms)

========================================================================
Received Prepare
Registering precompiled user dll's ...
Registered in 0.001506 seconds.
Begin MonoManager ReloadAssembly
Native extension for WindowsStandalone target not found
Native extension for WebGL target not found
Refreshing native plugins compatible for Editor in 0.85 ms, found 1 plugins.
Preloading 0 native plugins for Editor in 0.00 ms.
Invoked RoslynAnalysisRunner static constructor.
RoslynAnalysisRunner will not be running.
RoslynAnalysisRunner has terminated.
Mono: successfully reloaded assembly
- Completed reload, in  1.198 seconds
Platform modules already initialized, skipping
Shader 'Universal Render Pipeline/Particles/Lit': fallback shader 'Universal Render Pipeline/Particles/SimpleLit' not found
Shader 'Universal Render Pipeline/Particles/Lit': fallback shader 'Universal Render Pipeline/Particles/SimpleLit' not found
Refreshing native plugins compatible for Editor in 0.62 ms, found 1 plugins.
Preloading 0 native plugins for Editor in 0.00 ms.
Unloading 2987 Unused Serialized files (Serialized files now loaded: 0)
System memory in use before: 136.6 MB.
System memory in use after: 134.4 MB.

Unloading 44 unused Assets to reduce memory usage. Loaded Objects now: 3596.
Total: 5.190400 ms (FindLiveObjects: 0.376200 ms CreateObjectMapping: 0.161500 ms MarkObjects: 2.705000 ms  DeleteObjects: 1.946600 ms)

========================================================================
Received Import Request.
  Time since last request: 265.034017 seconds.
  path: Assets/Resources/npcs/witch_lines.txt
  artifactKey: Guid(1dc45ad7acce5f24884a1ce32ac3140f) Importer(815301076,1909f56bfc062723c751e8b465ee728b)
Start importing Assets/Resources/npcs/witch_lines.txt using Guid(1dc45ad7acce5f24884a1ce32ac3140f) Importer(815301076,1909f56bfc062723c751e8b465ee728b)  -> (artifact id: '2243d2e9f2bdfb230f268629f89e8746') in 0.026814 seconds
  Import took 0.038875 seconds .

========================================================================
Received Prepare
Registering precompiled user dll's ...
Registered in 0.001844 seconds.
Begin MonoManager ReloadAssembly
Native extension for WindowsStandalone target not found
Native extension for WebGL target not found
Refreshing native plugins compatible for Editor in 0.62 ms, found 1 plugins.
Preloading 0 native plugins for Editor in 0.00 ms.
Invoked RoslynAnalysisRunner static constructor.
RoslynAnalysisRunner will not be running.
RoslynAnalysisRunner has terminated.
Mono: successfully reloaded assembly
- Completed reload, in  1.179 seconds
Platform modules already initialized, skipping
Shader 'Universal Render Pipeline/Particles/Lit': fallback shader 'Universal Render Pipeline/Particles/SimpleLit' not found
Shader 'Universal Render Pipeline/Particles/Lit': fallback shader 'Universal Render Pipeline/Particles/SimpleLit' not found
Refreshing native plugins compatible for Editor in 0.60 ms, found 1 plugins.
Preloading 0 native plugins for Editor in 0.00 ms.
Unloading 2987 Unused Serialized files (Serialized files now loaded: 0)
System memory in use before: 136.6 MB.
System memory in use after: 134.4 MB.

Unloading 44 unused Assets to reduce memory usage. Loaded Objects now: 3599.
Total: 5.344100 ms (FindLiveObjects: 0.394500 ms CreateObjectMapping: 0.155400 ms MarkObjects: 3.051300 ms  DeleteObjects: 1.741600 ms)

========================================================================
Received Prepare
Registering precompiled user dll's ...
Registered in 0.002425 seconds.
Begin MonoManager ReloadAssembly
Native extension for WindowsStandalone target not found
Native extension for WebGL target not found
Refreshing native plugins compatible for Editor in 0.59 ms, found 1 plugins.
Preloading 0 native plugins for Editor in 0.00 ms.
Invoked RoslynAnalysisRunner static constructor.
RoslynAnalysisRunner will not be running.
RoslynAnalysisRunner has terminated.
Mono: successfully reloaded assembly
- Completed reload, in  1.221 seconds
Platform modules already initialized, skipping
Shader 'Universal Render Pipeline/Particles/Lit': fallback shader 'Universal Render Pipeline/Particles/SimpleLit' not found
Shader 'Universal Render Pipeline/Particles/Lit': fallback shader 'Universal Render Pipeline/Particles/SimpleLit' not found
Refreshing native plugins compatible for Editor in 0.62 ms, found 1 plugins.
Preloading 0 native plugins for Editor in 0.00 ms.
Unloading 2987 Unused Serialized files (Serialized files now loaded: 0)
System memory in use before: 136.6 MB.
System memory in use after: 134.4 MB.

Unloading 44 unused Assets to reduce memory usage. Loaded Objects now: 3602.
Total: 6.517200 ms (FindLiveObjects: 0.386300 ms CreateObjectMapping: 0.185300 ms MarkObjects: 4.202200 ms  DeleteObjects: 1.741700 ms)

========================================================================
Received Prepare
Registering precompiled user dll's ...
Registered in 0.001724 seconds.
Begin MonoManager ReloadAssembly
Native extension for WindowsStandalone target not found
Native extension for WebGL target not found
Refreshing native plugins compatible for Editor in 0.58 ms, found 1 plugins.
Preloading 0 native plugins for Editor in 0.00 ms.
Invoked RoslynAnalysisRunner static constructor.
RoslynAnalysisRunner will not be running.
RoslynAnalysisRunner has terminated.
Mono: successfully reloaded assembly
- Completed reload, in  1.169 seconds
Platform modules already initialized, skipping
Shader 'Universal Render Pipeline/Particles/Lit': fallback shader 'Universal Render Pipeline/Particles/SimpleLit' not found
Shader 'Universal Render Pipeline/Particles/Lit': fallback shader 'Universal Render Pipeline/Particles/SimpleLit' not found
Refreshing native plugins compatible for Editor in 0.77 ms, found 1 plugins.
Preloading 0 native plugins for Editor in 0.00 ms.
Unloading 2987 Unused Serialized files (Serialized files now loaded: 0)
System memory in use before: 136.6 MB.
System memory in use after: 134.4 MB.

Unloading 44 unused Assets to reduce memory usage. Loaded Objects now: 3605.
Total: 5.256400 ms (FindLiveObjects: 0.419800 ms CreateObjectMapping: 0.277600 ms MarkObjects: 2.762800 ms  DeleteObjects: 1.795100 ms)

========================================================================
Received Prepare
Registering precompiled user dll's ...
Registered in 0.001592 seconds.
Begin MonoManager ReloadAssembly
Native extension for WindowsStandalone target not found
Native extension for WebGL target not found
Refreshing native plugins compatible for Editor in 0.92 ms, found 1 plugins.
Preloading 0 native plugins for Editor in 0.00 ms.
Invoked RoslynAnalysisRunner static constructor.
RoslynAnalysisRunner will not be running.
RoslynAnalysisRunner has terminated.
Mono: successfully reloaded assembly
- Completed reload, in  1.151 seconds
Platform modules already initialized, skipping
Shader 'Universal Render Pipeline/Particles/Lit': fallback shader 'Universal Render Pipeline/Particles/SimpleLit' not found
Shader 'Universal Render Pipeline/Particles/Lit': fallback shader 'Universal Render Pipeline/Particles/SimpleLit' not found
Refreshing native plugins compatible for Editor in 0.60 ms, found 1 plugins.
Preloading 0 native plugins for Editor in 0.00 ms.
Unloading 2987 Unused Serialized files (Serialized files now loaded: 0)
System memory in use before: 136.6 MB.
System memory in use after: 134.4 MB.

Unloading 44 unused Assets to reduce memory usage. Loaded Objects now: 3608.
Total: 5.314500 ms (FindLiveObjects: 0.380800 ms CreateObjectMapping: 0.216100 ms MarkObjects: 2.813100 ms  DeleteObjects: 1.902700 ms)

========================================================================
Received Import Request.
  Time since last request: 2647.847418 seconds.
  path: Assets/03.Images/arrow.png
  artifactKey: Guid(e51a52481bc97cc42ad5d30cac0ba6a9) Importer(815301076,1909f56bfc062723c751e8b465ee728b)
Start importing Assets/03.Images/arrow.png using Guid(e51a52481bc97cc42ad5d30cac0ba6a9) Importer(815301076,1909f56bfc062723c751e8b465ee728b)  -> (artifact id: '9180223a0edae8f51e93ccc8e0953f7a') in 0.153286 seconds
  Import took 0.219918 seconds .

========================================================================
Received Import Request.
  Time since last request: 9.245324 seconds.
  path: Assets/03.Images/arrow.png
  artifactKey: Guid(e51a52481bc97cc42ad5d30cac0ba6a9) Importer(815301076,1909f56bfc062723c751e8b465ee728b)
Start importing Assets/03.Images/arrow.png using Guid(e51a52481bc97cc42ad5d30cac0ba6a9) Importer(815301076,1909f56bfc062723c751e8b465ee728b)  -> (artifact id: '01adbc9c7fc3ff4312cc598a0a46f535') in 0.043290 seconds
  Import took 0.058185 seconds .

========================================================================
Received Import Request.
  Time since last request: 9.271742 seconds.
  path: Assets/03.Images/arrow.png
  artifactKey: Guid(e51a52481bc97cc42ad5d30cac0ba6a9) Importer(815301076,1909f56bfc062723c751e8b465ee728b)
Start importing Assets/03.Images/arrow.png using Guid(e51a52481bc97cc42ad5d30cac0ba6a9) Importer(815301076,1909f56bfc062723c751e8b465ee728b)  -> (artifact id: '5e2097a5616ea283aa27ee64c2952742') in 0.026656 seconds
  Import took 0.038311 seconds .

========================================================================
Received Import Request.
  Time since last request: 3.932057 seconds.
  path: Assets/03.Images/arrow.png
  artifactKey: Guid(e51a52481bc97cc42ad5d30cac0ba6a9) Importer(815301076,1909f56bfc062723c751e8b465ee728b)
Start importing Assets/03.Images/arrow.png using Guid(e51a52481bc97cc42ad5d30cac0ba6a9) Importer(815301076,1909f56bfc062723c751e8b465ee728b)  -> (artifact id: '7c05c28a0f2f2b05243cd230963b15bf') in 0.023505 seconds
  Import took 0.032885 seconds .

========================================================================
Received Import Request.
  Time since last request: 4.535497 seconds.
  path: Assets/03.Images/arrow.png
  artifactKey: Guid(e51a52481bc97cc42ad5d30cac0ba6a9) Importer(815301076,1909f56bfc062723c751e8b465ee728b)
Start importing Assets/03.Images/arrow.png using Guid(e51a52481bc97cc42ad5d30cac0ba6a9) Importer(815301076,1909f56bfc062723c751e8b465ee728b)  -> (artifact id: 'dbf83131faa633d59ad01c2fd55501a6') in 0.028031 seconds
  Import took 0.037737 seconds .

========================================================================
Received Import Request.
  Time since last request: 8.858427 seconds.
  path: Assets/03.Images/arrow.png
  artifactKey: Guid(e51a52481bc97cc42ad5d30cac0ba6a9) Importer(815301076,1909f56bfc062723c751e8b465ee728b)
Start importing Assets/03.Images/arrow.png using Guid(e51a52481bc97cc42ad5d30cac0ba6a9) Importer(815301076,1909f56bfc062723c751e8b465ee728b)  -> (artifact id: '28faee2bdab9d841712e271494d1f696') in 0.028951 seconds
  Import took 0.045770 seconds .

========================================================================
Received Prepare
Registering precompiled user dll's ...
Registered in 0.001612 seconds.
Begin MonoManager ReloadAssembly
Native extension for WindowsStandalone target not found
Native extension for WebGL target not found
Refreshing native plugins compatible for Editor in 0.66 ms, found 1 plugins.
Preloading 0 native plugins for Editor in 0.00 ms.
Invoked RoslynAnalysisRunner static constructor.
RoslynAnalysisRunner will not be running.
RoslynAnalysisRunner has terminated.
Mono: successfully reloaded assembly
- Completed reload, in  1.285 seconds
Platform modules already initialized, skipping
Shader 'Universal Render Pipeline/Particles/Lit': fallback shader 'Universal Render Pipeline/Particles/SimpleLit' not found
Shader 'Universal Render Pipeline/Particles/Lit': fallback shader 'Universal Render Pipeline/Particles/SimpleLit' not found
Refreshing native plugins compatible for Editor in 0.86 ms, found 1 plugins.
Preloading 0 native plugins for Editor in 0.00 ms.
Unloading 2987 Unused Serialized files (Serialized files now loaded: 0)
System memory in use before: 136.7 MB.
System memory in use after: 134.5 MB.

Unloading 44 unused Assets to reduce memory usage. Loaded Objects now: 3620.
Total: 5.480700 ms (FindLiveObjects: 0.360700 ms CreateObjectMapping: 0.189100 ms MarkObjects: 3.172600 ms  DeleteObjects: 1.753700 ms)

========================================================================
Received Prepare
Registering precompiled user dll's ...
Registered in 0.001599 seconds.
Begin MonoManager ReloadAssembly
Native extension for WindowsStandalone target not found
Native extension for WebGL target not found
Refreshing native plugins compatible for Editor in 0.68 ms, found 1 plugins.
Preloading 0 native plugins for Editor in 0.00 ms.
Invoked RoslynAnalysisRunner static constructor.
RoslynAnalysisRunner will not be running.
RoslynAnalysisRunner has terminated.
Mono: successfully reloaded assembly
- Completed reload, in  1.203 seconds
Platform modules already initialized, skipping
Shader 'Universal Render Pipeline/Particles/Lit': fallback shader 'Universal Render Pipeline/Particles/SimpleLit' not found
Shader 'Universal Render Pipeline/Particles/Lit': fallback shader 'Universal Render Pipeline/Particles/SimpleLit' not found
Refreshing native plugins compatible for Editor in 0.66 ms, found 1 plugins.
Preloading 0 native plugins for Editor in 0.00 ms.
Unloading 2987 Unused Serialized files (Serialized files now loaded: 0)
System memory in use before: 136.7 MB.
System memory in use after: 134.5 MB.

Unloading 44 unused Assets to reduce memory usage. Loaded Objects now: 3623.
Total: 5.732800 ms (FindLiveObjects: 0.574200 ms CreateObjectMapping: 0.165400 ms MarkObjects: 3.153100 ms  DeleteObjects: 1.838500 ms)

========================================================================
Received Prepare
Registering precompiled user dll's ...
Registered in 0.002126 seconds.
Begin MonoManager ReloadAssembly
Native extension for WindowsStandalone target not found
Native extension for WebGL target not found
Refreshing native plugins compatible for Editor in 0.58 ms, found 1 plugins.
Preloading 0 native plugins for Editor in 0.00 ms.
Invoked RoslynAnalysisRunner static constructor.
RoslynAnalysisRunner will not be running.
RoslynAnalysisRunner has terminated.
Mono: successfully reloaded assembly
- Completed reload, in  1.142 seconds
Platform modules already initialized, skipping
Shader 'Universal Render Pipeline/Particles/Lit': fallback shader 'Universal Render Pipeline/Particles/SimpleLit' not found
Shader 'Universal Render Pipeline/Particles/Lit': fallback shader 'Universal Render Pipeline/Particles/SimpleLit' not found
Refreshing native plugins compatible for Editor in 0.61 ms, found 1 plugins.
Preloading 0 native plugins for Editor in 0.00 ms.
Unloading 2987 Unused Serialized files (Serialized files now loaded: 0)
System memory in use before: 136.7 MB.
System memory in use after: 134.5 MB.

Unloading 44 unused Assets to reduce memory usage. Loaded Objects now: 3626.
Total: 4.831600 ms (FindLiveObjects: 0.384400 ms CreateObjectMapping: 0.158700 ms MarkObjects: 2.468300 ms  DeleteObjects: 1.818800 ms)

========================================================================
Received Prepare
Registering precompiled user dll's ...
Registered in 0.001639 seconds.
Begin MonoManager ReloadAssembly
Native extension for WindowsStandalone target not found
Native extension for WebGL target not found
Refreshing native plugins compatible for Editor in 0.92 ms, found 1 plugins.
Preloading 0 native plugins for Editor in 0.00 ms.
Invoked RoslynAnalysisRunner static constructor.
RoslynAnalysisRunner will not be running.
RoslynAnalysisRunner has terminated.
Mono: successfully reloaded assembly
- Completed reload, in  1.204 seconds
Platform modules already initialized, skipping
Shader 'Universal Render Pipeline/Particles/Lit': fallback shader 'Universal Render Pipeline/Particles/SimpleLit' not found
Shader 'Universal Render Pipeline/Particles/Lit': fallback shader 'Universal Render Pipeline/Particles/SimpleLit' not found
Refreshing native plugins compatible for Editor in 0.98 ms, found 1 plugins.
Preloading 0 native plugins for Editor in 0.00 ms.
Unloading 2987 Unused Serialized files (Serialized files now loaded: 0)
System memory in use before: 136.7 MB.
System memory in use after: 134.5 MB.

Unloading 44 unused Assets to reduce memory usage. Loaded Objects now: 3629.
Total: 5.162700 ms (FindLiveObjects: 0.362100 ms CreateObjectMapping: 0.205600 ms MarkObjects: 2.835400 ms  DeleteObjects: 1.758300 ms)

========================================================================
Received Prepare
Registering precompiled user dll's ...
Registered in 0.003214 seconds.
Begin MonoManager ReloadAssembly
Native extension for WindowsStandalone target not found
Native extension for WebGL target not found
Refreshing native plugins compatible for Editor in 0.68 ms, found 1 plugins.
Preloading 0 native plugins for Editor in 0.00 ms.
Invoked RoslynAnalysisRunner static constructor.
RoslynAnalysisRunner will not be running.
RoslynAnalysisRunner has terminated.
Mono: successfully reloaded assembly
- Completed reload, in  1.156 seconds
Platform modules already initialized, skipping
Shader 'Universal Render Pipeline/Particles/Lit': fallback shader 'Universal Render Pipeline/Particles/SimpleLit' not found
Shader 'Universal Render Pipeline/Particles/Lit': fallback shader 'Universal Render Pipeline/Particles/SimpleLit' not found
Refreshing native plugins compatible for Editor in 0.62 ms, found 1 plugins.
Preloading 0 native plugins for Editor in 0.00 ms.
Unloading 2987 Unused Serialized files (Serialized files now loaded: 0)
System memory in use before: 136.7 MB.
System memory in use after: 134.5 MB.

Unloading 44 unused Assets to reduce memory usage. Loaded Objects now: 3632.
Total: 4.661300 ms (FindLiveObjects: 0.419800 ms CreateObjectMapping: 0.154800 ms MarkObjects: 2.313700 ms  DeleteObjects: 1.772100 ms)

========================================================================
Received Prepare
Registering precompiled user dll's ...
Registered in 0.001863 seconds.
Begin MonoManager ReloadAssembly
Native extension for WindowsStandalone target not found
Native extension for WebGL target not found
Refreshing native plugins compatible for Editor in 0.58 ms, found 1 plugins.
Preloading 0 native plugins for Editor in 0.00 ms.
Invoked RoslynAnalysisRunner static constructor.
RoslynAnalysisRunner will not be running.
RoslynAnalysisRunner has terminated.
Mono: successfully reloaded assembly
- Completed reload, in  1.205 seconds
Platform modules already initialized, skipping
Shader 'Universal Render Pipeline/Particles/Lit': fallback shader 'Universal Render Pipeline/Particles/SimpleLit' not found
Shader 'Universal Render Pipeline/Particles/Lit': fallback shader 'Universal Render Pipeline/Particles/SimpleLit' not found
Refreshing native plugins compatible for Editor in 0.60 ms, found 1 plugins.
Preloading 0 native plugins for Editor in 0.00 ms.
Unloading 2987 Unused Serialized files (Serialized files now loaded: 0)
System memory in use before: 136.7 MB.
System memory in use after: 134.5 MB.

Unloading 44 unused Assets to reduce memory usage. Loaded Objects now: 3635.
Total: 5.442200 ms (FindLiveObjects: 0.556600 ms CreateObjectMapping: 0.236800 ms MarkObjects: 2.746100 ms  DeleteObjects: 1.885000 ms)

========================================================================
Received Prepare
Registering precompiled user dll's ...
Registered in 0.002380 seconds.
Begin MonoManager ReloadAssembly
Native extension for WindowsStandalone target not found
Native extension for WebGL target not found
Refreshing native plugins compatible for Editor in 0.69 ms, found 1 plugins.
Preloading 0 native plugins for Editor in 0.00 ms.
Invoked RoslynAnalysisRunner static constructor.
RoslynAnalysisRunner will not be running.
RoslynAnalysisRunner has terminated.
Mono: successfully reloaded assembly
- Completed reload, in  1.164 seconds
Platform modules already initialized, skipping
Shader 'Universal Render Pipeline/Particles/Lit': fallback shader 'Universal Render Pipeline/Particles/SimpleLit' not found
Shader 'Universal Render Pipeline/Particles/Lit': fallback shader 'Universal Render Pipeline/Particles/SimpleLit' not found
Refreshing native plugins compatible for Editor in 0.66 ms, found 1 plugins.
Preloading 0 native plugins for Editor in 0.00 ms.
Unloading 2987 Unused Serialized files (Serialized files now loaded: 0)
System memory in use before: 136.7 MB.
System memory in use after: 134.5 MB.

Unloading 44 unused Assets to reduce memory usage. Loaded Objects now: 3638.
Total: 4.971100 ms (FindLiveObjects: 0.501300 ms CreateObjectMapping: 0.174000 ms MarkObjects: 2.536400 ms  DeleteObjects: 1.758300 ms)

========================================================================
Received Prepare
Registering precompiled user dll's ...
Registered in 0.001561 seconds.
Begin MonoManager ReloadAssembly
Native extension for WindowsStandalone target not found
Native extension for WebGL target not found
Refreshing native plugins compatible for Editor in 0.65 ms, found 1 plugins.
Preloading 0 native plugins for Editor in 0.00 ms.
Invoked RoslynAnalysisRunner static constructor.
RoslynAnalysisRunner will not be running.
RoslynAnalysisRunner has terminated.
Mono: successfully reloaded assembly
- Completed reload, in  1.178 seconds
Platform modules already initialized, skipping
Shader 'Universal Render Pipeline/Particles/Lit': fallback shader 'Universal Render Pipeline/Particles/SimpleLit' not found
Shader 'Universal Render Pipeline/Particles/Lit': fallback shader 'Universal Render Pipeline/Particles/SimpleLit' not found
Refreshing native plugins compatible for Editor in 0.61 ms, found 1 plugins.
Preloading 0 native plugins for Editor in 0.00 ms.
Unloading 2987 Unused Serialized files (Serialized files now loaded: 0)
System memory in use before: 136.7 MB.
System memory in use after: 134.5 MB.

Unloading 44 unused Assets to reduce memory usage. Loaded Objects now: 3641.
Total: 5.446700 ms (FindLiveObjects: 0.424900 ms CreateObjectMapping: 0.178100 ms MarkObjects: 2.620000 ms  DeleteObjects: 2.222500 ms)

========================================================================
Received Prepare
Registering precompiled user dll's ...
Registered in 0.001506 seconds.
Begin MonoManager ReloadAssembly
Native extension for WindowsStandalone target not found
Native extension for WebGL target not found
Refreshing native plugins compatible for Editor in 0.94 ms, found 1 plugins.
Preloading 0 native plugins for Editor in 0.00 ms.
Invoked RoslynAnalysisRunner static constructor.
RoslynAnalysisRunner will not be running.
RoslynAnalysisRunner has terminated.
Mono: successfully reloaded assembly
- Completed reload, in  1.202 seconds
Platform modules already initialized, skipping
Shader 'Universal Render Pipeline/Particles/Lit': fallback shader 'Universal Render Pipeline/Particles/SimpleLit' not found
Shader 'Universal Render Pipeline/Particles/Lit': fallback shader 'Universal Render Pipeline/Particles/SimpleLit' not found
Refreshing native plugins compatible for Editor in 0.62 ms, found 1 plugins.
Preloading 0 native plugins for Editor in 0.00 ms.
Unloading 2987 Unused Serialized files (Serialized files now loaded: 0)
System memory in use before: 136.8 MB.
System memory in use after: 134.5 MB.

Unloading 44 unused Assets to reduce memory usage. Loaded Objects now: 3644.
Total: 5.402000 ms (FindLiveObjects: 0.382000 ms CreateObjectMapping: 0.181900 ms MarkObjects: 2.800500 ms  DeleteObjects: 2.036500 ms)

========================================================================
Received Prepare
Registering precompiled user dll's ...
Registered in 0.002067 seconds.
Begin MonoManager ReloadAssembly
Native extension for WindowsStandalone target not found
Native extension for WebGL target not found
Refreshing native plugins compatible for Editor in 0.58 ms, found 1 plugins.
Preloading 0 native plugins for Editor in 0.00 ms.
Invoked RoslynAnalysisRunner static constructor.
RoslynAnalysisRunner will not be running.
RoslynAnalysisRunner has terminated.
Mono: successfully reloaded assembly
- Completed reload, in  1.158 seconds
Platform modules already initialized, skipping
Shader 'Universal Render Pipeline/Particles/Lit': fallback shader 'Universal Render Pipeline/Particles/SimpleLit' not found
Shader 'Universal Render Pipeline/Particles/Lit': fallback shader 'Universal Render Pipeline/Particles/SimpleLit' not found
Refreshing native plugins compatible for Editor in 0.66 ms, found 1 plugins.
Preloading 0 native plugins for Editor in 0.00 ms.
Unloading 2987 Unused Serialized files (Serialized files now loaded: 0)
System memory in use before: 136.7 MB.
System memory in use after: 134.5 MB.

Unloading 44 unused Assets to reduce memory usage. Loaded Objects now: 3647.
Total: 5.422100 ms (FindLiveObjects: 0.727700 ms CreateObjectMapping: 0.171600 ms MarkObjects: 2.707400 ms  DeleteObjects: 1.811600 ms)

AssetImportWorkerClient::OnTransportError - code=2 error=End of file
